[INFO]: Start creating test files AT 11 Jan 24 17:55 GMT
[INFO]: Starting test: ArchiveFiles AT 11 Jan 24 17:55 GMT
[INFO]: Start creating test files AT 11 Jan 24 18:05 GMT
[INFO]: Starting test: ArchiveFiles AT 11 Jan 24 18:05 GMT
[INFO]: Start creating test files AT 11 Jan 24 18:08 GMT
[INFO]: Starting test: ArchiveFiles AT 11 Jan 24 18:08 GMT
[INFO]: Start creating test files AT 11 Jan 24 18:21 GMT
[INFO]: Starting test: ArchiveFiles AT 11 Jan 24 18:21 GMT
[INFO]: Start creating test files AT 11 Jan 24 18:23 GMT
[INFO]: Starting test: ArchiveFiles AT 11 Jan 24 18:23 GMT
[INFO]: Start creating test files AT 11 Jan 24 18:29 GMT
[INFO]: Starting test: ArchiveFiles AT 11 Jan 24 18:29 GMT
[INFO]: Start creating test files AT 11 Jan 24 18:35 GMT
[INFO]: Starting test: ArchiveFiles AT 11 Jan 24 18:35 GMT
[INFO]: Start creating test files AT 11 Jan 24 18:36 GMT
[INFO]: Starting test: ArchiveFiles AT 11 Jan 24 18:36 GMT
[INFO]: Start creating test files AT 11 Jan 24 18:38 GMT
[INFO]: Starting test: ArchiveFiles AT 11 Jan 24 18:38 GMT
[INFO]: Start creating test files AT 11 Jan 24 20:23 GMT
[INFO]: Starting test: ArchiveFiles AT 11 Jan 24 20:23 GMT
[INFO]: Start creating test files AT 11 Jan 24 20:25 GMT
[INFO]: Starting test: ArchiveFiles AT 11 Jan 24 20:25 GMT
[INFO]: Start creating test files AT 11 Jan 24 20:25 GMT
[INFO]: Starting test: ArchiveFiles AT 11 Jan 24 20:25 GMT
[INFO]: Start creating test files AT 11 Jan 24 20:27 GMT
[INFO]: Starting test: ArchiveFiles AT 11 Jan 24 20:27 GMT
[INFO]: Start creating test files AT 11 Jan 24 20:28 GMT
[INFO]: Starting test: ArchiveFiles AT 11 Jan 24 20:28 GMT
[INFO]: Start creating test files AT 11 Jan 24 20:29 GMT
[INFO]: Starting test: ArchiveFiles AT 11 Jan 24 20:29 GMT
[INFO]: Start creating test files AT 11 Jan 24 20:32 GMT
[INFO]: Starting test: ArchiveFiles AT 11 Jan 24 20:32 GMT
[INFO]: Start creating test files AT 11 Jan 24 20:32 GMT
[INFO]: Starting test: ArchiveFiles AT 11 Jan 24 20:32 GMT
[INFO]: Start creating test files AT 11 Jan 24 20:35 GMT
[INFO]: Starting test: ArchiveFiles AT 11 Jan 24 20:35 GMT
[INFO]: Start creating test files AT 11 Jan 24 20:36 GMT
[INFO]: Starting test: ArchiveFiles AT 11 Jan 24 20:36 GMT
[INFO]: Start creating test files AT 11 Jan 24 20:38 GMT
[INFO]: Starting test: ArchiveFiles AT 11 Jan 24 20:38 GMT
[INFO]: Start creating test files AT 11 Jan 24 20:40 GMT
[INFO]: Starting test: ArchiveFiles AT 11 Jan 24 20:40 GMT
[INFO]: Start creating test files AT 11 Jan 24 20:45 GMT
[INFO]: Starting test: ArchiveFiles AT 11 Jan 24 20:45 GMT
[INFO]: Start creating test files AT 11 Jan 24 20:47 GMT
[INFO]: Starting test: ArchiveFiles AT 11 Jan 24 20:47 GMT
[INFO]: Start creating test files AT 11 Jan 24 20:52 GMT
[INFO]: Starting test: ArchiveFiles AT 11 Jan 24 20:52 GMT
[INFO]: Start creating test files AT 11 Jan 24 20:54 GMT
[INFO]: Starting test: ArchiveFiles AT 11 Jan 24 20:54 GMT
[ERROR]: remove C:\Users\achon\OneDrive\Desktop\Diplomna1\RRA\ArchiveFiles\test\testfiles\c.txt: The process cannot access the file because it is being used by another process. AT 11 Jan 24 20:54 GMT
[INFO]: Start creating test files AT 12 Jan 24 11:36 GMT
[INFO]: Starting test: ArchiveFiles AT 12 Jan 24 11:36 GMT
[ERROR]: remove C:\Users\achon\OneDrive\Desktop\Diplomna1\RRA\ArchiveFiles\test\testfiles\c.txt: The process cannot access the file because it is being used by another process. AT 12 Jan 24 11:36 GMT
[INFO]: Start creating test files AT 12 Jan 24 11:42 GMT
[INFO]: Starting test: ArchiveFiles AT 12 Jan 24 11:42 GMT
[ERROR]: remove C:\Users\achon\OneDrive\Desktop\Diplomna1\RRA\ArchiveFiles\test\testfiles\c.txt: The process cannot access the file because it is being used by another process. AT 12 Jan 24 11:42 GMT
[INFO]: Start creating test files AT 12 Jan 24 13:24 GMT
[INFO]: Starting test: ArchiveFiles AT 12 Jan 24 13:24 GMT
[ERROR]: remove C:\Users\achon\OneDrive\Desktop\Diplomna1\RRA\ArchiveFiles\test\testfiles\c.txt: The process cannot access the file because it is being used by another process. AT 12 Jan 24 13:24 GMT
[INFO]: Start creating test files AT 12 Jan 24 13:29 GMT
[INFO]: Starting test: ArchiveFiles AT 12 Jan 24 13:29 GMT
[ERROR]: remove C:\Users\achon\OneDrive\Desktop\Diplomna1\RRA\ArchiveFiles\test\testfiles\c.txt: The process cannot access the file because it is being used by another process. AT 12 Jan 24 13:29 GMT
[INFO]: Start creating test files AT 12 Jan 24 13:30 GMT
[INFO]: Starting test: ArchiveFiles AT 12 Jan 24 13:30 GMT
[ERROR]: remove C:\Users\achon\OneDrive\Desktop\Diplomna1\RRA\ArchiveFiles\test\testfiles\c.txt: The process cannot access the file because it is being used by another process. AT 12 Jan 24 13:30 GMT
[INFO]: Start creating test files AT 12 Jan 24 13:34 GMT
[INFO]: Starting test: ArchiveFiles AT 12 Jan 24 13:34 GMT
[ERROR]: remove C:\Users\achon\OneDrive\Desktop\Diplomna1\RRA\ArchiveFiles\test\testfiles\c.txt: The process cannot access the file because it is being used by another process. AT 12 Jan 24 13:34 GMT
[INFO]: Start creating test files AT 12 Jan 24 13:37 GMT
[INFO]: Starting test: ArchiveFiles AT 12 Jan 24 13:37 GMT
[ERROR]: remove C:\Users\achon\OneDrive\Desktop\Diplomna1\RRA\ArchiveFiles\test\testfiles\c.txt: The process cannot access the file because it is being used by another process. AT 12 Jan 24 13:37 GMT
[INFO]: Start creating test files AT 12 Jan 24 13:49 GMT
[INFO]: Starting test: ArchiveFiles AT 12 Jan 24 13:49 GMT
[ERROR]: remove C:\Users\achon\OneDrive\Desktop\Diplomna1\RRA\ArchiveFiles\test\testfiles\c.txt: The process cannot access the file because it is being used by another process. AT 12 Jan 24 13:49 GMT
[INFO]: Start creating test files AT 12 Jan 24 13:52 GMT
[INFO]: Starting test: ArchiveFiles AT 12 Jan 24 13:52 GMT
[ERROR]: open ./test/testfiles: The system cannot find the path specified. AT 12 Jan 24 13:52 GMT
[INFO]: Start creating test files AT 12 Jan 24 13:52 GMT
[INFO]: Starting test: ArchiveFiles AT 12 Jan 24 13:52 GMT
[INFO]: Ending test: ArchiveFiles AT 12 Jan 24 13:52 GMT
[INFO]: Start creating test files AT 12 Jan 24 13:53 GMT
[INFO]: Starting test: ArchiveFiles AT 12 Jan 24 13:53 GMT
[INFO]: Ending test: ArchiveFiles AT 12 Jan 24 13:53 GMT
[INFO]: Start creating test files AT 12 Jan 24 13:55 GMT
[INFO]: Starting test: ArchiveFiles AT 12 Jan 24 13:55 GMT
[INFO]: Ending test: ArchiveFiles AT 12 Jan 24 13:55 GMT
[INFO]: Start creating test files AT 22 Jan 24 10:27 GMT
[INFO]: Starting test: ArchiveFiles AT 22 Jan 24 10:27 GMT
[ERROR]: remove testfiles\c.txt: The process cannot access the file because it is being used by another process. AT 22 Jan 24 10:27 GMT
[INFO]: Start creating test files AT 22 Jan 24 10:28 GMT
[INFO]: Starting test: ArchiveFiles AT 22 Jan 24 10:28 GMT
[ERROR]: remove testfiles\c.txt: The process cannot access the file because it is being used by another process. AT 22 Jan 24 10:29 GMT
[INFO]: Start creating test files AT 22 Jan 24 10:30 GMT
[INFO]: Starting test: ArchiveFiles AT 22 Jan 24 10:30 GMT
[ERROR]: remove testfiles\c.txt: The process cannot access the file because it is being used by another process. AT 22 Jan 24 10:30 GMT
[INFO]: Start creating test files AT 22 Jan 24 15:02 GMT
[INFO]: Starting test: ArchiveFiles AT 22 Jan 24 15:02 GMT
[ERROR]: remove testfiles\c.txt: The process cannot access the file because it is being used by another process. AT 22 Jan 24 15:02 GMT
[ERROR]: open ./testFilesParent/testfiles0//sub/..\TestFiles\a.txt0: The system cannot find the path specified. AT 22 Jan 24 15:20 GMT
[ERROR]: invalid argument AT 22 Jan 24 15:20 GMT
[ERROR]: open ./testFilesParent/testfiles0//sub/..\TestFiles\a.txt1: The system cannot find the path specified. AT 22 Jan 24 15:20 GMT
[ERROR]: invalid argument AT 22 Jan 24 15:20 GMT
[ERROR]: open ./testFilesParent/testfiles0//sub/..\TestFiles\a.txt2: The system cannot find the path specified. AT 22 Jan 24 15:20 GMT
[ERROR]: invalid argument AT 22 Jan 24 15:20 GMT
[ERROR]: open ./testFilesParent/testfiles0//sub/..\TestFiles\b.doc0: The system cannot find the path specified. AT 22 Jan 24 15:20 GMT
[ERROR]: invalid argument AT 22 Jan 24 15:20 GMT
[ERROR]: open ./testFilesParent/testfiles0//sub/..\TestFiles\b.doc1: The system cannot find the path specified. AT 22 Jan 24 15:20 GMT
[ERROR]: invalid argument AT 22 Jan 24 15:20 GMT
[ERROR]: open ./testFilesParent/testfiles0//sub/..\TestFiles\b.doc2: The system cannot find the path specified. AT 22 Jan 24 15:20 GMT
[ERROR]: invalid argument AT 22 Jan 24 15:20 GMT
[ERROR]: open ./testFilesParent/testfiles0//sub/..\TestFiles\b.docx0: The system cannot find the path specified. AT 22 Jan 24 15:20 GMT
[ERROR]: invalid argument AT 22 Jan 24 15:20 GMT
[ERROR]: open ./testFilesParent/testfiles0//sub/..\TestFiles\b.docx1: The system cannot find the path specified. AT 22 Jan 24 15:20 GMT
[ERROR]: invalid argument AT 22 Jan 24 15:20 GMT
[ERROR]: open ./testFilesParent/testfiles0//sub/..\TestFiles\b.docx2: The system cannot find the path specified. AT 22 Jan 24 15:20 GMT
[ERROR]: invalid argument AT 22 Jan 24 15:20 GMT
[ERROR]: open ./testFilesParent/testfiles0//sub/..\TestFiles\d.xls0: The system cannot find the path specified. AT 22 Jan 24 15:20 GMT
[ERROR]: invalid argument AT 22 Jan 24 15:20 GMT
[ERROR]: open ./testFilesParent/testfiles0//sub/..\TestFiles\d.xls1: The system cannot find the path specified. AT 22 Jan 24 15:20 GMT
[ERROR]: invalid argument AT 22 Jan 24 15:20 GMT
[ERROR]: open ./testFilesParent/testfiles0//sub/..\TestFiles\d.xls2: The system cannot find the path specified. AT 22 Jan 24 15:20 GMT
[ERROR]: invalid argument AT 22 Jan 24 15:20 GMT
[ERROR]: open ./testFilesParent/testfiles0//sub/..\TestFiles\g.jpeg0: The system cannot find the path specified. AT 22 Jan 24 15:20 GMT
[ERROR]: invalid argument AT 22 Jan 24 15:20 GMT
[ERROR]: open ./testFilesParent/testfiles0//sub/..\TestFiles\g.jpeg1: The system cannot find the path specified. AT 22 Jan 24 15:20 GMT
[ERROR]: invalid argument AT 22 Jan 24 15:20 GMT
[ERROR]: open ./testFilesParent/testfiles0//sub/..\TestFiles\g.jpeg2: The system cannot find the path specified. AT 22 Jan 24 15:20 GMT
[ERROR]: invalid argument AT 22 Jan 24 15:20 GMT
[ERROR]: open ./testFilesParent/testfiles0//sub/..\TestFiles\h.png0: The system cannot find the path specified. AT 22 Jan 24 15:20 GMT
[ERROR]: invalid argument AT 22 Jan 24 15:20 GMT
[ERROR]: open ./testFilesParent/testfiles0//sub/..\TestFiles\h.png1: The system cannot find the path specified. AT 22 Jan 24 15:20 GMT
[ERROR]: invalid argument AT 22 Jan 24 15:20 GMT
[ERROR]: open ./testFilesParent/testfiles0//sub/..\TestFiles\h.png2: The system cannot find the path specified. AT 22 Jan 24 15:20 GMT
[ERROR]: invalid argument AT 22 Jan 24 15:20 GMT
[ERROR]: open ./testFilesParent/testfiles0//sub/..\TestFiles\i.bmp0: The system cannot find the path specified. AT 22 Jan 24 15:20 GMT
[ERROR]: invalid argument AT 22 Jan 24 15:20 GMT
[ERROR]: open ./testFilesParent/testfiles0//sub/..\TestFiles\i.bmp1: The system cannot find the path specified. AT 22 Jan 24 15:20 GMT
[ERROR]: invalid argument AT 22 Jan 24 15:20 GMT
[ERROR]: open ./testFilesParent/testfiles0//sub/..\TestFiles\i.bmp2: The system cannot find the path specified. AT 22 Jan 24 15:20 GMT
[ERROR]: invalid argument AT 22 Jan 24 15:20 GMT
[ERROR]: open ./testFilesParent/testfiles1//sub/..\TestFiles\a.txt0: The system cannot find the path specified. AT 22 Jan 24 15:20 GMT
[ERROR]: invalid argument AT 22 Jan 24 15:20 GMT
[ERROR]: open ./testFilesParent/testfiles1//sub/..\TestFiles\a.txt1: The system cannot find the path specified. AT 22 Jan 24 15:20 GMT
[ERROR]: invalid argument AT 22 Jan 24 15:20 GMT
[ERROR]: open ./testFilesParent/testfiles1//sub/..\TestFiles\a.txt2: The system cannot find the path specified. AT 22 Jan 24 15:20 GMT
[ERROR]: invalid argument AT 22 Jan 24 15:20 GMT
[ERROR]: open ./testFilesParent/testfiles1//sub/..\TestFiles\b.doc0: The system cannot find the path specified. AT 22 Jan 24 15:20 GMT
[ERROR]: invalid argument AT 22 Jan 24 15:20 GMT
[ERROR]: open ./testFilesParent/testfiles1//sub/..\TestFiles\b.doc1: The system cannot find the path specified. AT 22 Jan 24 15:20 GMT
[ERROR]: invalid argument AT 22 Jan 24 15:20 GMT
[ERROR]: open ./testFilesParent/testfiles1//sub/..\TestFiles\b.doc2: The system cannot find the path specified. AT 22 Jan 24 15:20 GMT
[ERROR]: invalid argument AT 22 Jan 24 15:20 GMT
[ERROR]: open ./testFilesParent/testfiles1//sub/..\TestFiles\b.docx0: The system cannot find the path specified. AT 22 Jan 24 15:20 GMT
[ERROR]: invalid argument AT 22 Jan 24 15:20 GMT
[ERROR]: open ./testFilesParent/testfiles1//sub/..\TestFiles\b.docx1: The system cannot find the path specified. AT 22 Jan 24 15:20 GMT
[ERROR]: invalid argument AT 22 Jan 24 15:20 GMT
[ERROR]: open ./testFilesParent/testfiles1//sub/..\TestFiles\b.docx2: The system cannot find the path specified. AT 22 Jan 24 15:20 GMT
[ERROR]: invalid argument AT 22 Jan 24 15:20 GMT
[ERROR]: open ./testFilesParent/testfiles1//sub/..\TestFiles\d.xls0: The system cannot find the path specified. AT 22 Jan 24 15:20 GMT
[ERROR]: invalid argument AT 22 Jan 24 15:20 GMT
[ERROR]: open ./testFilesParent/testfiles1//sub/..\TestFiles\d.xls1: The system cannot find the path specified. AT 22 Jan 24 15:20 GMT
[ERROR]: invalid argument AT 22 Jan 24 15:20 GMT
[ERROR]: open ./testFilesParent/testfiles1//sub/..\TestFiles\d.xls2: The system cannot find the path specified. AT 22 Jan 24 15:20 GMT
[ERROR]: invalid argument AT 22 Jan 24 15:20 GMT
[ERROR]: open ./testFilesParent/testfiles1//sub/..\TestFiles\g.jpeg0: The system cannot find the path specified. AT 22 Jan 24 15:20 GMT
[ERROR]: invalid argument AT 22 Jan 24 15:20 GMT
[ERROR]: open ./testFilesParent/testfiles1//sub/..\TestFiles\g.jpeg1: The system cannot find the path specified. AT 22 Jan 24 15:20 GMT
[ERROR]: invalid argument AT 22 Jan 24 15:20 GMT
[ERROR]: open ./testFilesParent/testfiles1//sub/..\TestFiles\g.jpeg2: The system cannot find the path specified. AT 22 Jan 24 15:20 GMT
[ERROR]: invalid argument AT 22 Jan 24 15:20 GMT
[ERROR]: open ./testFilesParent/testfiles1//sub/..\TestFiles\h.png0: The system cannot find the path specified. AT 22 Jan 24 15:20 GMT
[ERROR]: invalid argument AT 22 Jan 24 15:20 GMT
[ERROR]: open ./testFilesParent/testfiles1//sub/..\TestFiles\h.png1: The system cannot find the path specified. AT 22 Jan 24 15:20 GMT
[ERROR]: invalid argument AT 22 Jan 24 15:20 GMT
[ERROR]: open ./testFilesParent/testfiles1//sub/..\TestFiles\h.png2: The system cannot find the path specified. AT 22 Jan 24 15:20 GMT
[ERROR]: invalid argument AT 22 Jan 24 15:20 GMT
[ERROR]: open ./testFilesParent/testfiles1//sub/..\TestFiles\i.bmp0: The system cannot find the path specified. AT 22 Jan 24 15:20 GMT
[ERROR]: invalid argument AT 22 Jan 24 15:20 GMT
[ERROR]: open ./testFilesParent/testfiles1//sub/..\TestFiles\i.bmp1: The system cannot find the path specified. AT 22 Jan 24 15:20 GMT
[ERROR]: invalid argument AT 22 Jan 24 15:20 GMT
[ERROR]: open ./testFilesParent/testfiles1//sub/..\TestFiles\i.bmp2: The system cannot find the path specified. AT 22 Jan 24 15:20 GMT
[ERROR]: invalid argument AT 22 Jan 24 15:20 GMT
[INFO]: Starting test: ArchiveFiles AT 22 Jan 24 15:20 GMT
[ERROR]: remove testFilesParent\testfiles0\0a.txt: The process cannot access the file because it is being used by another process. AT 22 Jan 24 15:20 GMT
[ERROR]: open ./testFilesParent/testfiles0//sub/..\TestFiles\a.txt0: The system cannot find the path specified. AT 25 Jan 24 12:14 GMT
[ERROR]: invalid argument AT 25 Jan 24 12:14 GMT
[ERROR]: open ./testFilesParent/testfiles0//sub/..\TestFiles\a.txt1: The system cannot find the path specified. AT 25 Jan 24 12:14 GMT
[ERROR]: invalid argument AT 25 Jan 24 12:14 GMT
[ERROR]: open ./testFilesParent/testfiles0//sub/..\TestFiles\a.txt2: The system cannot find the path specified. AT 25 Jan 24 12:14 GMT
[ERROR]: invalid argument AT 25 Jan 24 12:14 GMT
[ERROR]: open ./testFilesParent/testfiles0//sub/..\TestFiles\b.doc0: The system cannot find the path specified. AT 25 Jan 24 12:14 GMT
[ERROR]: invalid argument AT 25 Jan 24 12:14 GMT
[ERROR]: open ./testFilesParent/testfiles0//sub/..\TestFiles\b.doc1: The system cannot find the path specified. AT 25 Jan 24 12:14 GMT
[ERROR]: invalid argument AT 25 Jan 24 12:14 GMT
[ERROR]: open ./testFilesParent/testfiles0//sub/..\TestFiles\b.doc2: The system cannot find the path specified. AT 25 Jan 24 12:14 GMT
[ERROR]: invalid argument AT 25 Jan 24 12:14 GMT
[ERROR]: open ./testFilesParent/testfiles0//sub/..\TestFiles\b.docx0: The system cannot find the path specified. AT 25 Jan 24 12:14 GMT
[ERROR]: invalid argument AT 25 Jan 24 12:14 GMT
[ERROR]: open ./testFilesParent/testfiles0//sub/..\TestFiles\b.docx1: The system cannot find the path specified. AT 25 Jan 24 12:14 GMT
[ERROR]: invalid argument AT 25 Jan 24 12:14 GMT
[ERROR]: open ./testFilesParent/testfiles0//sub/..\TestFiles\b.docx2: The system cannot find the path specified. AT 25 Jan 24 12:14 GMT
[ERROR]: invalid argument AT 25 Jan 24 12:14 GMT
[ERROR]: open ./testFilesParent/testfiles0//sub/..\TestFiles\c.pdf0: The system cannot find the path specified. AT 25 Jan 24 12:14 GMT
[ERROR]: invalid argument AT 25 Jan 24 12:14 GMT
[ERROR]: open ./testFilesParent/testfiles0//sub/..\TestFiles\c.pdf1: The system cannot find the path specified. AT 25 Jan 24 12:14 GMT
[ERROR]: invalid argument AT 25 Jan 24 12:14 GMT
[ERROR]: open ./testFilesParent/testfiles0//sub/..\TestFiles\c.pdf2: The system cannot find the path specified. AT 25 Jan 24 12:14 GMT
[ERROR]: invalid argument AT 25 Jan 24 12:14 GMT
[ERROR]: open ./testFilesParent/testfiles0//sub/..\TestFiles\d.xls0: The system cannot find the path specified. AT 25 Jan 24 12:14 GMT
[ERROR]: invalid argument AT 25 Jan 24 12:14 GMT
[ERROR]: open ./testFilesParent/testfiles0//sub/..\TestFiles\d.xls1: The system cannot find the path specified. AT 25 Jan 24 12:14 GMT
[ERROR]: invalid argument AT 25 Jan 24 12:14 GMT
[ERROR]: open ./testFilesParent/testfiles0//sub/..\TestFiles\d.xls2: The system cannot find the path specified. AT 25 Jan 24 12:14 GMT
[ERROR]: invalid argument AT 25 Jan 24 12:14 GMT
[ERROR]: open ./testFilesParent/testfiles0//sub/..\TestFiles\e.ppt0: The system cannot find the path specified. AT 25 Jan 24 12:14 GMT
[ERROR]: invalid argument AT 25 Jan 24 12:14 GMT
[ERROR]: open ./testFilesParent/testfiles0//sub/..\TestFiles\e.ppt1: The system cannot find the path specified. AT 25 Jan 24 12:14 GMT
[ERROR]: invalid argument AT 25 Jan 24 12:14 GMT
[ERROR]: open ./testFilesParent/testfiles0//sub/..\TestFiles\e.ppt2: The system cannot find the path specified. AT 25 Jan 24 12:14 GMT
[ERROR]: invalid argument AT 25 Jan 24 12:14 GMT
[ERROR]: open ./testFilesParent/testfiles0//sub/..\TestFiles\f.jpg0: The system cannot find the path specified. AT 25 Jan 24 12:14 GMT
[ERROR]: invalid argument AT 25 Jan 24 12:14 GMT
[ERROR]: open ./testFilesParent/testfiles0//sub/..\TestFiles\f.jpg1: The system cannot find the path specified. AT 25 Jan 24 12:14 GMT
[ERROR]: invalid argument AT 25 Jan 24 12:14 GMT
[ERROR]: open ./testFilesParent/testfiles0//sub/..\TestFiles\f.jpg2: The system cannot find the path specified. AT 25 Jan 24 12:14 GMT
[ERROR]: invalid argument AT 25 Jan 24 12:14 GMT
[ERROR]: open ./testFilesParent/testfiles0//sub/..\TestFiles\g.jpeg0: The system cannot find the path specified. AT 25 Jan 24 12:14 GMT
[ERROR]: invalid argument AT 25 Jan 24 12:14 GMT
[ERROR]: open ./testFilesParent/testfiles0//sub/..\TestFiles\g.jpeg1: The system cannot find the path specified. AT 25 Jan 24 12:14 GMT
[ERROR]: invalid argument AT 25 Jan 24 12:14 GMT
[ERROR]: open ./testFilesParent/testfiles0//sub/..\TestFiles\g.jpeg2: The system cannot find the path specified. AT 25 Jan 24 12:14 GMT
[ERROR]: invalid argument AT 25 Jan 24 12:14 GMT
[ERROR]: open ./testFilesParent/testfiles0//sub/..\TestFiles\h.png0: The system cannot find the path specified. AT 25 Jan 24 12:14 GMT
[ERROR]: invalid argument AT 25 Jan 24 12:14 GMT
[ERROR]: open ./testFilesParent/testfiles0//sub/..\TestFiles\h.png1: The system cannot find the path specified. AT 25 Jan 24 12:14 GMT
[ERROR]: invalid argument AT 25 Jan 24 12:14 GMT
[ERROR]: open ./testFilesParent/testfiles0//sub/..\TestFiles\h.png2: The system cannot find the path specified. AT 25 Jan 24 12:14 GMT
[ERROR]: invalid argument AT 25 Jan 24 12:14 GMT
[ERROR]: open ./testFilesParent/testfiles0//sub/..\TestFiles\i.bmp0: The system cannot find the path specified. AT 25 Jan 24 12:14 GMT
[ERROR]: invalid argument AT 25 Jan 24 12:14 GMT
[ERROR]: open ./testFilesParent/testfiles0//sub/..\TestFiles\i.bmp1: The system cannot find the path specified. AT 25 Jan 24 12:14 GMT
[ERROR]: invalid argument AT 25 Jan 24 12:14 GMT
[ERROR]: open ./testFilesParent/testfiles0//sub/..\TestFiles\i.bmp2: The system cannot find the path specified. AT 25 Jan 24 12:14 GMT
[ERROR]: invalid argument AT 25 Jan 24 12:14 GMT
[ERROR]: open ./testFilesParent/testfiles1//sub/..\TestFiles\a.txt0: The system cannot find the path specified. AT 25 Jan 24 12:14 GMT
[ERROR]: invalid argument AT 25 Jan 24 12:14 GMT
[ERROR]: open ./testFilesParent/testfiles1//sub/..\TestFiles\a.txt1: The system cannot find the path specified. AT 25 Jan 24 12:14 GMT
[ERROR]: invalid argument AT 25 Jan 24 12:14 GMT
[ERROR]: open ./testFilesParent/testfiles1//sub/..\TestFiles\a.txt2: The system cannot find the path specified. AT 25 Jan 24 12:14 GMT
[ERROR]: invalid argument AT 25 Jan 24 12:14 GMT
[ERROR]: open ./testFilesParent/testfiles1//sub/..\TestFiles\b.doc0: The system cannot find the path specified. AT 25 Jan 24 12:14 GMT
[ERROR]: invalid argument AT 25 Jan 24 12:14 GMT
[ERROR]: open ./testFilesParent/testfiles1//sub/..\TestFiles\b.doc1: The system cannot find the path specified. AT 25 Jan 24 12:14 GMT
[ERROR]: invalid argument AT 25 Jan 24 12:14 GMT
[ERROR]: open ./testFilesParent/testfiles1//sub/..\TestFiles\b.doc2: The system cannot find the path specified. AT 25 Jan 24 12:14 GMT
[ERROR]: invalid argument AT 25 Jan 24 12:14 GMT
[ERROR]: open ./testFilesParent/testfiles1//sub/..\TestFiles\b.docx0: The system cannot find the path specified. AT 25 Jan 24 12:14 GMT
[ERROR]: invalid argument AT 25 Jan 24 12:14 GMT
[ERROR]: open ./testFilesParent/testfiles1//sub/..\TestFiles\b.docx1: The system cannot find the path specified. AT 25 Jan 24 12:14 GMT
[ERROR]: invalid argument AT 25 Jan 24 12:14 GMT
[ERROR]: open ./testFilesParent/testfiles1//sub/..\TestFiles\b.docx2: The system cannot find the path specified. AT 25 Jan 24 12:14 GMT
[ERROR]: invalid argument AT 25 Jan 24 12:14 GMT
[ERROR]: open ./testFilesParent/testfiles1//sub/..\TestFiles\c.pdf0: The system cannot find the path specified. AT 25 Jan 24 12:14 GMT
[ERROR]: invalid argument AT 25 Jan 24 12:14 GMT
[ERROR]: open ./testFilesParent/testfiles1//sub/..\TestFiles\c.pdf1: The system cannot find the path specified. AT 25 Jan 24 12:14 GMT
[ERROR]: invalid argument AT 25 Jan 24 12:14 GMT
[ERROR]: open ./testFilesParent/testfiles1//sub/..\TestFiles\c.pdf2: The system cannot find the path specified. AT 25 Jan 24 12:14 GMT
[ERROR]: invalid argument AT 25 Jan 24 12:14 GMT
[ERROR]: open ./testFilesParent/testfiles1//sub/..\TestFiles\d.xls0: The system cannot find the path specified. AT 25 Jan 24 12:14 GMT
[ERROR]: invalid argument AT 25 Jan 24 12:14 GMT
[ERROR]: open ./testFilesParent/testfiles1//sub/..\TestFiles\d.xls1: The system cannot find the path specified. AT 25 Jan 24 12:14 GMT
[ERROR]: invalid argument AT 25 Jan 24 12:14 GMT
[ERROR]: open ./testFilesParent/testfiles1//sub/..\TestFiles\d.xls2: The system cannot find the path specified. AT 25 Jan 24 12:14 GMT
[ERROR]: invalid argument AT 25 Jan 24 12:14 GMT
[ERROR]: open ./testFilesParent/testfiles1//sub/..\TestFiles\e.ppt0: The system cannot find the path specified. AT 25 Jan 24 12:14 GMT
[ERROR]: invalid argument AT 25 Jan 24 12:14 GMT
[ERROR]: open ./testFilesParent/testfiles1//sub/..\TestFiles\e.ppt1: The system cannot find the path specified. AT 25 Jan 24 12:14 GMT
[ERROR]: invalid argument AT 25 Jan 24 12:14 GMT
[ERROR]: open ./testFilesParent/testfiles1//sub/..\TestFiles\e.ppt2: The system cannot find the path specified. AT 25 Jan 24 12:14 GMT
[ERROR]: invalid argument AT 25 Jan 24 12:14 GMT
[ERROR]: open ./testFilesParent/testfiles1//sub/..\TestFiles\f.jpg0: The system cannot find the path specified. AT 25 Jan 24 12:14 GMT
[ERROR]: invalid argument AT 25 Jan 24 12:14 GMT
[ERROR]: open ./testFilesParent/testfiles1//sub/..\TestFiles\f.jpg1: The system cannot find the path specified. AT 25 Jan 24 12:14 GMT
[ERROR]: invalid argument AT 25 Jan 24 12:14 GMT
[ERROR]: open ./testFilesParent/testfiles1//sub/..\TestFiles\f.jpg2: The system cannot find the path specified. AT 25 Jan 24 12:14 GMT
[ERROR]: invalid argument AT 25 Jan 24 12:14 GMT
[ERROR]: open ./testFilesParent/testfiles1//sub/..\TestFiles\g.jpeg0: The system cannot find the path specified. AT 25 Jan 24 12:14 GMT
[ERROR]: invalid argument AT 25 Jan 24 12:14 GMT
[ERROR]: open ./testFilesParent/testfiles1//sub/..\TestFiles\g.jpeg1: The system cannot find the path specified. AT 25 Jan 24 12:14 GMT
[ERROR]: invalid argument AT 25 Jan 24 12:14 GMT
[ERROR]: open ./testFilesParent/testfiles1//sub/..\TestFiles\g.jpeg2: The system cannot find the path specified. AT 25 Jan 24 12:14 GMT
[ERROR]: invalid argument AT 25 Jan 24 12:14 GMT
[ERROR]: open ./testFilesParent/testfiles1//sub/..\TestFiles\h.png0: The system cannot find the path specified. AT 25 Jan 24 12:14 GMT
[ERROR]: invalid argument AT 25 Jan 24 12:14 GMT
[ERROR]: open ./testFilesParent/testfiles1//sub/..\TestFiles\h.png1: The system cannot find the path specified. AT 25 Jan 24 12:14 GMT
[ERROR]: invalid argument AT 25 Jan 24 12:14 GMT
[ERROR]: open ./testFilesParent/testfiles1//sub/..\TestFiles\h.png2: The system cannot find the path specified. AT 25 Jan 24 12:14 GMT
[ERROR]: invalid argument AT 25 Jan 24 12:14 GMT
[ERROR]: open ./testFilesParent/testfiles1//sub/..\TestFiles\i.bmp0: The system cannot find the path specified. AT 25 Jan 24 12:14 GMT
[ERROR]: invalid argument AT 25 Jan 24 12:14 GMT
[ERROR]: open ./testFilesParent/testfiles1//sub/..\TestFiles\i.bmp1: The system cannot find the path specified. AT 25 Jan 24 12:14 GMT
[ERROR]: invalid argument AT 25 Jan 24 12:14 GMT
[ERROR]: open ./testFilesParent/testfiles1//sub/..\TestFiles\i.bmp2: The system cannot find the path specified. AT 25 Jan 24 12:14 GMT
[ERROR]: invalid argument AT 25 Jan 24 12:14 GMT
[INFO]: Starting test: ArchiveFiles AT 25 Jan 24 12:14 GMT
[ERROR]: remove testFilesParent\testfiles0\0a.txt: The process cannot access the file because it is being used by another process. AT 25 Jan 24 12:14 GMT
[ERROR]: open ./testFilesParent/testfiles0//sub/..\TestFiles\a.txt0: The system cannot find the path specified. AT 25 Jan 24 12:17 GMT
[ERROR]: invalid argument AT 25 Jan 24 12:17 GMT
[ERROR]: open ./testFilesParent/testfiles0//sub/..\TestFiles\a.txt1: The system cannot find the path specified. AT 25 Jan 24 12:17 GMT
[ERROR]: invalid argument AT 25 Jan 24 12:17 GMT
[ERROR]: open ./testFilesParent/testfiles0//sub/..\TestFiles\a.txt2: The system cannot find the path specified. AT 25 Jan 24 12:17 GMT
[ERROR]: invalid argument AT 25 Jan 24 12:17 GMT
[ERROR]: open ./testFilesParent/testfiles0//sub/..\TestFiles\b.doc0: The system cannot find the path specified. AT 25 Jan 24 12:17 GMT
[ERROR]: invalid argument AT 25 Jan 24 12:17 GMT
[ERROR]: open ./testFilesParent/testfiles0//sub/..\TestFiles\b.doc1: The system cannot find the path specified. AT 25 Jan 24 12:17 GMT
[ERROR]: invalid argument AT 25 Jan 24 12:17 GMT
[ERROR]: open ./testFilesParent/testfiles0//sub/..\TestFiles\b.doc2: The system cannot find the path specified. AT 25 Jan 24 12:17 GMT
[ERROR]: invalid argument AT 25 Jan 24 12:17 GMT
[ERROR]: open ./testFilesParent/testfiles0//sub/..\TestFiles\b.docx0: The system cannot find the path specified. AT 25 Jan 24 12:17 GMT
[ERROR]: invalid argument AT 25 Jan 24 12:17 GMT
[ERROR]: open ./testFilesParent/testfiles0//sub/..\TestFiles\b.docx1: The system cannot find the path specified. AT 25 Jan 24 12:17 GMT
[ERROR]: invalid argument AT 25 Jan 24 12:17 GMT
[ERROR]: open ./testFilesParent/testfiles0//sub/..\TestFiles\b.docx2: The system cannot find the path specified. AT 25 Jan 24 12:17 GMT
[ERROR]: invalid argument AT 25 Jan 24 12:17 GMT
[ERROR]: open ./testFilesParent/testfiles0//sub/..\TestFiles\c.pdf0: The system cannot find the path specified. AT 25 Jan 24 12:17 GMT
[ERROR]: invalid argument AT 25 Jan 24 12:17 GMT
[ERROR]: open ./testFilesParent/testfiles0//sub/..\TestFiles\c.pdf1: The system cannot find the path specified. AT 25 Jan 24 12:17 GMT
[ERROR]: invalid argument AT 25 Jan 24 12:17 GMT
[ERROR]: open ./testFilesParent/testfiles0//sub/..\TestFiles\c.pdf2: The system cannot find the path specified. AT 25 Jan 24 12:17 GMT
[ERROR]: invalid argument AT 25 Jan 24 12:17 GMT
[ERROR]: open ./testFilesParent/testfiles0//sub/..\TestFiles\d.xls0: The system cannot find the path specified. AT 25 Jan 24 12:17 GMT
[ERROR]: invalid argument AT 25 Jan 24 12:17 GMT
[ERROR]: open ./testFilesParent/testfiles0//sub/..\TestFiles\d.xls1: The system cannot find the path specified. AT 25 Jan 24 12:17 GMT
[ERROR]: invalid argument AT 25 Jan 24 12:17 GMT
[ERROR]: open ./testFilesParent/testfiles0//sub/..\TestFiles\d.xls2: The system cannot find the path specified. AT 25 Jan 24 12:17 GMT
[ERROR]: invalid argument AT 25 Jan 24 12:17 GMT
[ERROR]: open ./testFilesParent/testfiles0//sub/..\TestFiles\e.ppt0: The system cannot find the path specified. AT 25 Jan 24 12:17 GMT
[ERROR]: invalid argument AT 25 Jan 24 12:17 GMT
[ERROR]: open ./testFilesParent/testfiles0//sub/..\TestFiles\e.ppt1: The system cannot find the path specified. AT 25 Jan 24 12:17 GMT
[ERROR]: invalid argument AT 25 Jan 24 12:17 GMT
[ERROR]: open ./testFilesParent/testfiles0//sub/..\TestFiles\e.ppt2: The system cannot find the path specified. AT 25 Jan 24 12:17 GMT
[ERROR]: invalid argument AT 25 Jan 24 12:17 GMT
[ERROR]: open ./testFilesParent/testfiles0//sub/..\TestFiles\f.jpg0: The system cannot find the path specified. AT 25 Jan 24 12:17 GMT
[ERROR]: invalid argument AT 25 Jan 24 12:17 GMT
[ERROR]: open ./testFilesParent/testfiles0//sub/..\TestFiles\f.jpg1: The system cannot find the path specified. AT 25 Jan 24 12:17 GMT
[ERROR]: invalid argument AT 25 Jan 24 12:17 GMT
[ERROR]: open ./testFilesParent/testfiles0//sub/..\TestFiles\f.jpg2: The system cannot find the path specified. AT 25 Jan 24 12:17 GMT
[ERROR]: invalid argument AT 25 Jan 24 12:17 GMT
[ERROR]: open ./testFilesParent/testfiles0//sub/..\TestFiles\g.jpeg0: The system cannot find the path specified. AT 25 Jan 24 12:17 GMT
[ERROR]: invalid argument AT 25 Jan 24 12:17 GMT
[ERROR]: open ./testFilesParent/testfiles0//sub/..\TestFiles\g.jpeg1: The system cannot find the path specified. AT 25 Jan 24 12:17 GMT
[ERROR]: invalid argument AT 25 Jan 24 12:17 GMT
[ERROR]: open ./testFilesParent/testfiles0//sub/..\TestFiles\g.jpeg2: The system cannot find the path specified. AT 25 Jan 24 12:17 GMT
[ERROR]: invalid argument AT 25 Jan 24 12:17 GMT
[ERROR]: open ./testFilesParent/testfiles0//sub/..\TestFiles\h.png0: The system cannot find the path specified. AT 25 Jan 24 12:17 GMT
[ERROR]: invalid argument AT 25 Jan 24 12:17 GMT
[ERROR]: open ./testFilesParent/testfiles0//sub/..\TestFiles\h.png1: The system cannot find the path specified. AT 25 Jan 24 12:17 GMT
[ERROR]: invalid argument AT 25 Jan 24 12:17 GMT
[ERROR]: open ./testFilesParent/testfiles0//sub/..\TestFiles\h.png2: The system cannot find the path specified. AT 25 Jan 24 12:17 GMT
[ERROR]: invalid argument AT 25 Jan 24 12:17 GMT
[ERROR]: open ./testFilesParent/testfiles0//sub/..\TestFiles\i.bmp0: The system cannot find the path specified. AT 25 Jan 24 12:17 GMT
[ERROR]: invalid argument AT 25 Jan 24 12:17 GMT
[ERROR]: open ./testFilesParent/testfiles0//sub/..\TestFiles\i.bmp1: The system cannot find the path specified. AT 25 Jan 24 12:17 GMT
[ERROR]: invalid argument AT 25 Jan 24 12:17 GMT
[ERROR]: open ./testFilesParent/testfiles0//sub/..\TestFiles\i.bmp2: The system cannot find the path specified. AT 25 Jan 24 12:17 GMT
[ERROR]: invalid argument AT 25 Jan 24 12:17 GMT
[ERROR]: open ./testFilesParent/testfiles1//sub/..\TestFiles\a.txt0: The system cannot find the path specified. AT 25 Jan 24 12:17 GMT
[ERROR]: invalid argument AT 25 Jan 24 12:17 GMT
[ERROR]: open ./testFilesParent/testfiles1//sub/..\TestFiles\a.txt1: The system cannot find the path specified. AT 25 Jan 24 12:17 GMT
[ERROR]: invalid argument AT 25 Jan 24 12:17 GMT
[ERROR]: open ./testFilesParent/testfiles1//sub/..\TestFiles\a.txt2: The system cannot find the path specified. AT 25 Jan 24 12:17 GMT
[ERROR]: invalid argument AT 25 Jan 24 12:17 GMT
[ERROR]: open ./testFilesParent/testfiles1//sub/..\TestFiles\b.doc0: The system cannot find the path specified. AT 25 Jan 24 12:17 GMT
[ERROR]: invalid argument AT 25 Jan 24 12:17 GMT
[ERROR]: open ./testFilesParent/testfiles1//sub/..\TestFiles\b.doc1: The system cannot find the path specified. AT 25 Jan 24 12:17 GMT
[ERROR]: invalid argument AT 25 Jan 24 12:17 GMT
[ERROR]: open ./testFilesParent/testfiles1//sub/..\TestFiles\b.doc2: The system cannot find the path specified. AT 25 Jan 24 12:17 GMT
[ERROR]: invalid argument AT 25 Jan 24 12:17 GMT
[ERROR]: open ./testFilesParent/testfiles1//sub/..\TestFiles\b.docx0: The system cannot find the path specified. AT 25 Jan 24 12:17 GMT
[ERROR]: invalid argument AT 25 Jan 24 12:17 GMT
[ERROR]: open ./testFilesParent/testfiles1//sub/..\TestFiles\b.docx1: The system cannot find the path specified. AT 25 Jan 24 12:17 GMT
[ERROR]: invalid argument AT 25 Jan 24 12:17 GMT
[ERROR]: open ./testFilesParent/testfiles1//sub/..\TestFiles\b.docx2: The system cannot find the path specified. AT 25 Jan 24 12:17 GMT
[ERROR]: invalid argument AT 25 Jan 24 12:17 GMT
[ERROR]: open ./testFilesParent/testfiles1//sub/..\TestFiles\c.pdf0: The system cannot find the path specified. AT 25 Jan 24 12:17 GMT
[ERROR]: invalid argument AT 25 Jan 24 12:17 GMT
[ERROR]: open ./testFilesParent/testfiles1//sub/..\TestFiles\c.pdf1: The system cannot find the path specified. AT 25 Jan 24 12:17 GMT
[ERROR]: invalid argument AT 25 Jan 24 12:17 GMT
[ERROR]: open ./testFilesParent/testfiles1//sub/..\TestFiles\c.pdf2: The system cannot find the path specified. AT 25 Jan 24 12:17 GMT
[ERROR]: invalid argument AT 25 Jan 24 12:17 GMT
[ERROR]: open ./testFilesParent/testfiles1//sub/..\TestFiles\d.xls0: The system cannot find the path specified. AT 25 Jan 24 12:17 GMT
[ERROR]: invalid argument AT 25 Jan 24 12:17 GMT
[ERROR]: open ./testFilesParent/testfiles1//sub/..\TestFiles\d.xls1: The system cannot find the path specified. AT 25 Jan 24 12:17 GMT
[ERROR]: invalid argument AT 25 Jan 24 12:17 GMT
[ERROR]: open ./testFilesParent/testfiles1//sub/..\TestFiles\d.xls2: The system cannot find the path specified. AT 25 Jan 24 12:17 GMT
[ERROR]: invalid argument AT 25 Jan 24 12:17 GMT
[ERROR]: open ./testFilesParent/testfiles1//sub/..\TestFiles\e.ppt0: The system cannot find the path specified. AT 25 Jan 24 12:17 GMT
[ERROR]: invalid argument AT 25 Jan 24 12:17 GMT
[ERROR]: open ./testFilesParent/testfiles1//sub/..\TestFiles\e.ppt1: The system cannot find the path specified. AT 25 Jan 24 12:17 GMT
[ERROR]: invalid argument AT 25 Jan 24 12:17 GMT
[ERROR]: open ./testFilesParent/testfiles1//sub/..\TestFiles\e.ppt2: The system cannot find the path specified. AT 25 Jan 24 12:17 GMT
[ERROR]: invalid argument AT 25 Jan 24 12:17 GMT
[ERROR]: open ./testFilesParent/testfiles1//sub/..\TestFiles\f.jpg0: The system cannot find the path specified. AT 25 Jan 24 12:17 GMT
[ERROR]: invalid argument AT 25 Jan 24 12:17 GMT
[ERROR]: open ./testFilesParent/testfiles1//sub/..\TestFiles\f.jpg1: The system cannot find the path specified. AT 25 Jan 24 12:17 GMT
[ERROR]: invalid argument AT 25 Jan 24 12:17 GMT
[ERROR]: open ./testFilesParent/testfiles1//sub/..\TestFiles\f.jpg2: The system cannot find the path specified. AT 25 Jan 24 12:17 GMT
[ERROR]: invalid argument AT 25 Jan 24 12:17 GMT
[ERROR]: open ./testFilesParent/testfiles1//sub/..\TestFiles\g.jpeg0: The system cannot find the path specified. AT 25 Jan 24 12:17 GMT
[ERROR]: invalid argument AT 25 Jan 24 12:17 GMT
[ERROR]: open ./testFilesParent/testfiles1//sub/..\TestFiles\g.jpeg1: The system cannot find the path specified. AT 25 Jan 24 12:17 GMT
[ERROR]: invalid argument AT 25 Jan 24 12:17 GMT
[ERROR]: open ./testFilesParent/testfiles1//sub/..\TestFiles\g.jpeg2: The system cannot find the path specified. AT 25 Jan 24 12:17 GMT
[ERROR]: invalid argument AT 25 Jan 24 12:17 GMT
[ERROR]: open ./testFilesParent/testfiles1//sub/..\TestFiles\h.png0: The system cannot find the path specified. AT 25 Jan 24 12:17 GMT
[ERROR]: invalid argument AT 25 Jan 24 12:17 GMT
[ERROR]: open ./testFilesParent/testfiles1//sub/..\TestFiles\h.png1: The system cannot find the path specified. AT 25 Jan 24 12:17 GMT
[ERROR]: invalid argument AT 25 Jan 24 12:17 GMT
[ERROR]: open ./testFilesParent/testfiles1//sub/..\TestFiles\h.png2: The system cannot find the path specified. AT 25 Jan 24 12:17 GMT
[ERROR]: invalid argument AT 25 Jan 24 12:17 GMT
[ERROR]: open ./testFilesParent/testfiles1//sub/..\TestFiles\i.bmp0: The system cannot find the path specified. AT 25 Jan 24 12:17 GMT
[ERROR]: invalid argument AT 25 Jan 24 12:17 GMT
[ERROR]: open ./testFilesParent/testfiles1//sub/..\TestFiles\i.bmp1: The system cannot find the path specified. AT 25 Jan 24 12:17 GMT
[ERROR]: invalid argument AT 25 Jan 24 12:17 GMT
[ERROR]: open ./testFilesParent/testfiles1//sub/..\TestFiles\i.bmp2: The system cannot find the path specified. AT 25 Jan 24 12:17 GMT
[ERROR]: invalid argument AT 25 Jan 24 12:17 GMT
[INFO]: Starting test: ArchiveFiles AT 25 Jan 24 12:17 GMT
[ERROR]: remove testFilesParent\testfiles0\0a.txt: The process cannot access the file because it is being used by another process. AT 25 Jan 24 12:17 GMT
[ERROR]: open ./testFilesParent/testfiles0//sub/..\TestFiles\a.txt0: The system cannot find the path specified. AT 25 Jan 24 12:21 GMT
[ERROR]: invalid argument AT 25 Jan 24 12:21 GMT
[ERROR]: open ./testFilesParent/testfiles0//sub/..\TestFiles\a.txt1: The system cannot find the path specified. AT 25 Jan 24 12:21 GMT
[ERROR]: invalid argument AT 25 Jan 24 12:21 GMT
[ERROR]: open ./testFilesParent/testfiles0//sub/..\TestFiles\a.txt2: The system cannot find the path specified. AT 25 Jan 24 12:21 GMT
[ERROR]: invalid argument AT 25 Jan 24 12:21 GMT
[ERROR]: open ./testFilesParent/testfiles0//sub/..\TestFiles\b.doc0: The system cannot find the path specified. AT 25 Jan 24 12:21 GMT
[ERROR]: invalid argument AT 25 Jan 24 12:21 GMT
[ERROR]: open ./testFilesParent/testfiles0//sub/..\TestFiles\b.doc1: The system cannot find the path specified. AT 25 Jan 24 12:21 GMT
[ERROR]: invalid argument AT 25 Jan 24 12:21 GMT
[ERROR]: open ./testFilesParent/testfiles0//sub/..\TestFiles\b.doc2: The system cannot find the path specified. AT 25 Jan 24 12:21 GMT
[ERROR]: invalid argument AT 25 Jan 24 12:21 GMT
[ERROR]: open ./testFilesParent/testfiles0//sub/..\TestFiles\b.docx0: The system cannot find the path specified. AT 25 Jan 24 12:21 GMT
[ERROR]: invalid argument AT 25 Jan 24 12:21 GMT
[ERROR]: open ./testFilesParent/testfiles0//sub/..\TestFiles\b.docx1: The system cannot find the path specified. AT 25 Jan 24 12:21 GMT
[ERROR]: invalid argument AT 25 Jan 24 12:21 GMT
[ERROR]: open ./testFilesParent/testfiles0//sub/..\TestFiles\b.docx2: The system cannot find the path specified. AT 25 Jan 24 12:21 GMT
[ERROR]: invalid argument AT 25 Jan 24 12:21 GMT
[ERROR]: open ./testFilesParent/testfiles0//sub/..\TestFiles\c.pdf0: The system cannot find the path specified. AT 25 Jan 24 12:21 GMT
[ERROR]: invalid argument AT 25 Jan 24 12:21 GMT
[ERROR]: open ./testFilesParent/testfiles0//sub/..\TestFiles\c.pdf1: The system cannot find the path specified. AT 25 Jan 24 12:21 GMT
[ERROR]: invalid argument AT 25 Jan 24 12:21 GMT
[ERROR]: open ./testFilesParent/testfiles0//sub/..\TestFiles\c.pdf2: The system cannot find the path specified. AT 25 Jan 24 12:21 GMT
[ERROR]: invalid argument AT 25 Jan 24 12:21 GMT
[ERROR]: open ./testFilesParent/testfiles0//sub/..\TestFiles\d.xls0: The system cannot find the path specified. AT 25 Jan 24 12:21 GMT
[ERROR]: invalid argument AT 25 Jan 24 12:21 GMT
[ERROR]: open ./testFilesParent/testfiles0//sub/..\TestFiles\d.xls1: The system cannot find the path specified. AT 25 Jan 24 12:21 GMT
[ERROR]: invalid argument AT 25 Jan 24 12:21 GMT
[ERROR]: open ./testFilesParent/testfiles0//sub/..\TestFiles\d.xls2: The system cannot find the path specified. AT 25 Jan 24 12:21 GMT
[ERROR]: invalid argument AT 25 Jan 24 12:21 GMT
[ERROR]: open ./testFilesParent/testfiles0//sub/..\TestFiles\e.ppt0: The system cannot find the path specified. AT 25 Jan 24 12:21 GMT
[ERROR]: invalid argument AT 25 Jan 24 12:21 GMT
[ERROR]: open ./testFilesParent/testfiles0//sub/..\TestFiles\e.ppt1: The system cannot find the path specified. AT 25 Jan 24 12:21 GMT
[ERROR]: invalid argument AT 25 Jan 24 12:21 GMT
[ERROR]: open ./testFilesParent/testfiles0//sub/..\TestFiles\e.ppt2: The system cannot find the path specified. AT 25 Jan 24 12:21 GMT
[ERROR]: invalid argument AT 25 Jan 24 12:21 GMT
[ERROR]: open ./testFilesParent/testfiles0//sub/..\TestFiles\f.jpg0: The system cannot find the path specified. AT 25 Jan 24 12:21 GMT
[ERROR]: invalid argument AT 25 Jan 24 12:21 GMT
[ERROR]: open ./testFilesParent/testfiles0//sub/..\TestFiles\f.jpg1: The system cannot find the path specified. AT 25 Jan 24 12:21 GMT
[ERROR]: invalid argument AT 25 Jan 24 12:21 GMT
[ERROR]: open ./testFilesParent/testfiles0//sub/..\TestFiles\f.jpg2: The system cannot find the path specified. AT 25 Jan 24 12:21 GMT
[ERROR]: invalid argument AT 25 Jan 24 12:21 GMT
[ERROR]: open ./testFilesParent/testfiles0//sub/..\TestFiles\g.jpeg0: The system cannot find the path specified. AT 25 Jan 24 12:21 GMT
[ERROR]: invalid argument AT 25 Jan 24 12:21 GMT
[ERROR]: open ./testFilesParent/testfiles0//sub/..\TestFiles\g.jpeg1: The system cannot find the path specified. AT 25 Jan 24 12:21 GMT
[ERROR]: invalid argument AT 25 Jan 24 12:21 GMT
[ERROR]: open ./testFilesParent/testfiles0//sub/..\TestFiles\g.jpeg2: The system cannot find the path specified. AT 25 Jan 24 12:21 GMT
[ERROR]: invalid argument AT 25 Jan 24 12:21 GMT
[ERROR]: open ./testFilesParent/testfiles0//sub/..\TestFiles\h.png0: The system cannot find the path specified. AT 25 Jan 24 12:21 GMT
[ERROR]: invalid argument AT 25 Jan 24 12:21 GMT
[ERROR]: open ./testFilesParent/testfiles0//sub/..\TestFiles\h.png1: The system cannot find the path specified. AT 25 Jan 24 12:21 GMT
[ERROR]: invalid argument AT 25 Jan 24 12:21 GMT
[ERROR]: open ./testFilesParent/testfiles0//sub/..\TestFiles\h.png2: The system cannot find the path specified. AT 25 Jan 24 12:21 GMT
[ERROR]: invalid argument AT 25 Jan 24 12:21 GMT
[ERROR]: open ./testFilesParent/testfiles0//sub/..\TestFiles\i.bmp0: The system cannot find the path specified. AT 25 Jan 24 12:21 GMT
[ERROR]: invalid argument AT 25 Jan 24 12:21 GMT
[ERROR]: open ./testFilesParent/testfiles0//sub/..\TestFiles\i.bmp1: The system cannot find the path specified. AT 25 Jan 24 12:21 GMT
[ERROR]: invalid argument AT 25 Jan 24 12:21 GMT
[ERROR]: open ./testFilesParent/testfiles0//sub/..\TestFiles\i.bmp2: The system cannot find the path specified. AT 25 Jan 24 12:21 GMT
[ERROR]: invalid argument AT 25 Jan 24 12:21 GMT
[ERROR]: open ./testFilesParent/testfiles1//sub/..\TestFiles\a.txt0: The system cannot find the path specified. AT 25 Jan 24 12:21 GMT
[ERROR]: invalid argument AT 25 Jan 24 12:21 GMT
[ERROR]: open ./testFilesParent/testfiles1//sub/..\TestFiles\a.txt1: The system cannot find the path specified. AT 25 Jan 24 12:21 GMT
[ERROR]: invalid argument AT 25 Jan 24 12:21 GMT
[ERROR]: open ./testFilesParent/testfiles1//sub/..\TestFiles\a.txt2: The system cannot find the path specified. AT 25 Jan 24 12:21 GMT
[ERROR]: invalid argument AT 25 Jan 24 12:21 GMT
[ERROR]: open ./testFilesParent/testfiles1//sub/..\TestFiles\b.doc0: The system cannot find the path specified. AT 25 Jan 24 12:21 GMT
[ERROR]: invalid argument AT 25 Jan 24 12:21 GMT
[ERROR]: open ./testFilesParent/testfiles1//sub/..\TestFiles\b.doc1: The system cannot find the path specified. AT 25 Jan 24 12:21 GMT
[ERROR]: invalid argument AT 25 Jan 24 12:21 GMT
[ERROR]: open ./testFilesParent/testfiles1//sub/..\TestFiles\b.doc2: The system cannot find the path specified. AT 25 Jan 24 12:21 GMT
[ERROR]: invalid argument AT 25 Jan 24 12:21 GMT
[ERROR]: open ./testFilesParent/testfiles1//sub/..\TestFiles\b.docx0: The system cannot find the path specified. AT 25 Jan 24 12:21 GMT
[ERROR]: invalid argument AT 25 Jan 24 12:21 GMT
[ERROR]: open ./testFilesParent/testfiles1//sub/..\TestFiles\b.docx1: The system cannot find the path specified. AT 25 Jan 24 12:21 GMT
[ERROR]: invalid argument AT 25 Jan 24 12:21 GMT
[ERROR]: open ./testFilesParent/testfiles1//sub/..\TestFiles\b.docx2: The system cannot find the path specified. AT 25 Jan 24 12:21 GMT
[ERROR]: invalid argument AT 25 Jan 24 12:21 GMT
[ERROR]: open ./testFilesParent/testfiles1//sub/..\TestFiles\c.pdf0: The system cannot find the path specified. AT 25 Jan 24 12:21 GMT
[ERROR]: invalid argument AT 25 Jan 24 12:21 GMT
[ERROR]: open ./testFilesParent/testfiles1//sub/..\TestFiles\c.pdf1: The system cannot find the path specified. AT 25 Jan 24 12:21 GMT
[ERROR]: invalid argument AT 25 Jan 24 12:21 GMT
[ERROR]: open ./testFilesParent/testfiles1//sub/..\TestFiles\c.pdf2: The system cannot find the path specified. AT 25 Jan 24 12:21 GMT
[ERROR]: invalid argument AT 25 Jan 24 12:21 GMT
[ERROR]: open ./testFilesParent/testfiles1//sub/..\TestFiles\d.xls0: The system cannot find the path specified. AT 25 Jan 24 12:21 GMT
[ERROR]: invalid argument AT 25 Jan 24 12:21 GMT
[ERROR]: open ./testFilesParent/testfiles1//sub/..\TestFiles\d.xls1: The system cannot find the path specified. AT 25 Jan 24 12:21 GMT
[ERROR]: invalid argument AT 25 Jan 24 12:21 GMT
[ERROR]: open ./testFilesParent/testfiles1//sub/..\TestFiles\d.xls2: The system cannot find the path specified. AT 25 Jan 24 12:21 GMT
[ERROR]: invalid argument AT 25 Jan 24 12:21 GMT
[ERROR]: open ./testFilesParent/testfiles1//sub/..\TestFiles\e.ppt0: The system cannot find the path specified. AT 25 Jan 24 12:21 GMT
[ERROR]: invalid argument AT 25 Jan 24 12:21 GMT
[ERROR]: open ./testFilesParent/testfiles1//sub/..\TestFiles\e.ppt1: The system cannot find the path specified. AT 25 Jan 24 12:21 GMT
[ERROR]: invalid argument AT 25 Jan 24 12:21 GMT
[ERROR]: open ./testFilesParent/testfiles1//sub/..\TestFiles\e.ppt2: The system cannot find the path specified. AT 25 Jan 24 12:21 GMT
[ERROR]: invalid argument AT 25 Jan 24 12:21 GMT
[ERROR]: open ./testFilesParent/testfiles1//sub/..\TestFiles\f.jpg0: The system cannot find the path specified. AT 25 Jan 24 12:21 GMT
[ERROR]: invalid argument AT 25 Jan 24 12:21 GMT
[ERROR]: open ./testFilesParent/testfiles1//sub/..\TestFiles\f.jpg1: The system cannot find the path specified. AT 25 Jan 24 12:21 GMT
[ERROR]: invalid argument AT 25 Jan 24 12:21 GMT
[ERROR]: open ./testFilesParent/testfiles1//sub/..\TestFiles\f.jpg2: The system cannot find the path specified. AT 25 Jan 24 12:21 GMT
[ERROR]: invalid argument AT 25 Jan 24 12:21 GMT
[ERROR]: open ./testFilesParent/testfiles1//sub/..\TestFiles\g.jpeg0: The system cannot find the path specified. AT 25 Jan 24 12:21 GMT
[ERROR]: invalid argument AT 25 Jan 24 12:21 GMT
[ERROR]: open ./testFilesParent/testfiles1//sub/..\TestFiles\g.jpeg1: The system cannot find the path specified. AT 25 Jan 24 12:21 GMT
[ERROR]: invalid argument AT 25 Jan 24 12:21 GMT
[ERROR]: open ./testFilesParent/testfiles1//sub/..\TestFiles\g.jpeg2: The system cannot find the path specified. AT 25 Jan 24 12:21 GMT
[ERROR]: invalid argument AT 25 Jan 24 12:21 GMT
[ERROR]: open ./testFilesParent/testfiles1//sub/..\TestFiles\h.png0: The system cannot find the path specified. AT 25 Jan 24 12:21 GMT
[ERROR]: invalid argument AT 25 Jan 24 12:21 GMT
[ERROR]: open ./testFilesParent/testfiles1//sub/..\TestFiles\h.png1: The system cannot find the path specified. AT 25 Jan 24 12:21 GMT
[ERROR]: invalid argument AT 25 Jan 24 12:21 GMT
[ERROR]: open ./testFilesParent/testfiles1//sub/..\TestFiles\h.png2: The system cannot find the path specified. AT 25 Jan 24 12:21 GMT
[ERROR]: invalid argument AT 25 Jan 24 12:21 GMT
[ERROR]: open ./testFilesParent/testfiles1//sub/..\TestFiles\i.bmp0: The system cannot find the path specified. AT 25 Jan 24 12:21 GMT
[ERROR]: invalid argument AT 25 Jan 24 12:21 GMT
[ERROR]: open ./testFilesParent/testfiles1//sub/..\TestFiles\i.bmp1: The system cannot find the path specified. AT 25 Jan 24 12:21 GMT
[ERROR]: invalid argument AT 25 Jan 24 12:21 GMT
[ERROR]: open ./testFilesParent/testfiles1//sub/..\TestFiles\i.bmp2: The system cannot find the path specified. AT 25 Jan 24 12:21 GMT
[ERROR]: invalid argument AT 25 Jan 24 12:21 GMT
[INFO]: Starting test: ArchiveFiles AT 25 Jan 24 12:21 GMT
[ERROR]: remove testFilesParent\testfiles0\0a.txt: The process cannot access the file because it is being used by another process. AT 25 Jan 24 12:21 GMT
[ERROR]: open ./testFilesParent/testfiles0//sub/..\TestFiles\a.txt0: The system cannot find the path specified. AT 25 Jan 24 12:28 GMT
[ERROR]: invalid argument AT 25 Jan 24 12:28 GMT
[ERROR]: open ./testFilesParent/testfiles0//sub/..\TestFiles\a.txt1: The system cannot find the path specified. AT 25 Jan 24 12:28 GMT
[ERROR]: invalid argument AT 25 Jan 24 12:28 GMT
[ERROR]: open ./testFilesParent/testfiles0//sub/..\TestFiles\a.txt2: The system cannot find the path specified. AT 25 Jan 24 12:28 GMT
[ERROR]: invalid argument AT 25 Jan 24 12:28 GMT
[ERROR]: open ./testFilesParent/testfiles0//sub/..\TestFiles\b.doc0: The system cannot find the path specified. AT 25 Jan 24 12:28 GMT
[ERROR]: invalid argument AT 25 Jan 24 12:28 GMT
[ERROR]: open ./testFilesParent/testfiles0//sub/..\TestFiles\b.doc1: The system cannot find the path specified. AT 25 Jan 24 12:28 GMT
[ERROR]: invalid argument AT 25 Jan 24 12:28 GMT
[ERROR]: open ./testFilesParent/testfiles0//sub/..\TestFiles\b.doc2: The system cannot find the path specified. AT 25 Jan 24 12:28 GMT
[ERROR]: invalid argument AT 25 Jan 24 12:28 GMT
[ERROR]: open ./testFilesParent/testfiles0//sub/..\TestFiles\b.docx0: The system cannot find the path specified. AT 25 Jan 24 12:28 GMT
[ERROR]: invalid argument AT 25 Jan 24 12:28 GMT
[ERROR]: open ./testFilesParent/testfiles0//sub/..\TestFiles\b.docx1: The system cannot find the path specified. AT 25 Jan 24 12:28 GMT
[ERROR]: invalid argument AT 25 Jan 24 12:28 GMT
[ERROR]: open ./testFilesParent/testfiles0//sub/..\TestFiles\b.docx2: The system cannot find the path specified. AT 25 Jan 24 12:28 GMT
[ERROR]: invalid argument AT 25 Jan 24 12:28 GMT
[ERROR]: open ./testFilesParent/testfiles0//sub/..\TestFiles\c.pdf0: The system cannot find the path specified. AT 25 Jan 24 12:28 GMT
[ERROR]: invalid argument AT 25 Jan 24 12:28 GMT
[ERROR]: open ./testFilesParent/testfiles0//sub/..\TestFiles\c.pdf1: The system cannot find the path specified. AT 25 Jan 24 12:28 GMT
[ERROR]: invalid argument AT 25 Jan 24 12:28 GMT
[ERROR]: open ./testFilesParent/testfiles0//sub/..\TestFiles\c.pdf2: The system cannot find the path specified. AT 25 Jan 24 12:28 GMT
[ERROR]: invalid argument AT 25 Jan 24 12:28 GMT
[ERROR]: open ./testFilesParent/testfiles0//sub/..\TestFiles\d.xls0: The system cannot find the path specified. AT 25 Jan 24 12:28 GMT
[ERROR]: invalid argument AT 25 Jan 24 12:28 GMT
[ERROR]: open ./testFilesParent/testfiles0//sub/..\TestFiles\d.xls1: The system cannot find the path specified. AT 25 Jan 24 12:28 GMT
[ERROR]: invalid argument AT 25 Jan 24 12:28 GMT
[ERROR]: open ./testFilesParent/testfiles0//sub/..\TestFiles\d.xls2: The system cannot find the path specified. AT 25 Jan 24 12:28 GMT
[ERROR]: invalid argument AT 25 Jan 24 12:28 GMT
[ERROR]: open ./testFilesParent/testfiles0//sub/..\TestFiles\e.ppt0: The system cannot find the path specified. AT 25 Jan 24 12:28 GMT
[ERROR]: invalid argument AT 25 Jan 24 12:28 GMT
[ERROR]: open ./testFilesParent/testfiles0//sub/..\TestFiles\e.ppt1: The system cannot find the path specified. AT 25 Jan 24 12:28 GMT
[ERROR]: invalid argument AT 25 Jan 24 12:28 GMT
[ERROR]: open ./testFilesParent/testfiles0//sub/..\TestFiles\e.ppt2: The system cannot find the path specified. AT 25 Jan 24 12:28 GMT
[ERROR]: invalid argument AT 25 Jan 24 12:28 GMT
[ERROR]: open ./testFilesParent/testfiles0//sub/..\TestFiles\f.jpg0: The system cannot find the path specified. AT 25 Jan 24 12:28 GMT
[ERROR]: invalid argument AT 25 Jan 24 12:28 GMT
[ERROR]: open ./testFilesParent/testfiles0//sub/..\TestFiles\f.jpg1: The system cannot find the path specified. AT 25 Jan 24 12:28 GMT
[ERROR]: invalid argument AT 25 Jan 24 12:28 GMT
[ERROR]: open ./testFilesParent/testfiles0//sub/..\TestFiles\f.jpg2: The system cannot find the path specified. AT 25 Jan 24 12:28 GMT
[ERROR]: invalid argument AT 25 Jan 24 12:28 GMT
[ERROR]: open ./testFilesParent/testfiles0//sub/..\TestFiles\g.jpeg0: The system cannot find the path specified. AT 25 Jan 24 12:28 GMT
[ERROR]: invalid argument AT 25 Jan 24 12:28 GMT
[ERROR]: open ./testFilesParent/testfiles0//sub/..\TestFiles\g.jpeg1: The system cannot find the path specified. AT 25 Jan 24 12:28 GMT
[ERROR]: invalid argument AT 25 Jan 24 12:28 GMT
[ERROR]: open ./testFilesParent/testfiles0//sub/..\TestFiles\g.jpeg2: The system cannot find the path specified. AT 25 Jan 24 12:28 GMT
[ERROR]: invalid argument AT 25 Jan 24 12:28 GMT
[ERROR]: open ./testFilesParent/testfiles0//sub/..\TestFiles\h.png0: The system cannot find the path specified. AT 25 Jan 24 12:28 GMT
[ERROR]: invalid argument AT 25 Jan 24 12:28 GMT
[ERROR]: open ./testFilesParent/testfiles0//sub/..\TestFiles\h.png1: The system cannot find the path specified. AT 25 Jan 24 12:28 GMT
[ERROR]: invalid argument AT 25 Jan 24 12:28 GMT
[ERROR]: open ./testFilesParent/testfiles0//sub/..\TestFiles\h.png2: The system cannot find the path specified. AT 25 Jan 24 12:28 GMT
[ERROR]: invalid argument AT 25 Jan 24 12:28 GMT
[ERROR]: open ./testFilesParent/testfiles0//sub/..\TestFiles\i.bmp0: The system cannot find the path specified. AT 25 Jan 24 12:28 GMT
[ERROR]: invalid argument AT 25 Jan 24 12:28 GMT
[ERROR]: open ./testFilesParent/testfiles0//sub/..\TestFiles\i.bmp1: The system cannot find the path specified. AT 25 Jan 24 12:28 GMT
[ERROR]: invalid argument AT 25 Jan 24 12:28 GMT
[ERROR]: open ./testFilesParent/testfiles0//sub/..\TestFiles\i.bmp2: The system cannot find the path specified. AT 25 Jan 24 12:28 GMT
[ERROR]: invalid argument AT 25 Jan 24 12:28 GMT
[ERROR]: open ./testFilesParent/testfiles1//sub/..\TestFiles\a.txt0: The system cannot find the path specified. AT 25 Jan 24 12:28 GMT
[ERROR]: invalid argument AT 25 Jan 24 12:28 GMT
[ERROR]: open ./testFilesParent/testfiles1//sub/..\TestFiles\a.txt1: The system cannot find the path specified. AT 25 Jan 24 12:28 GMT
[ERROR]: invalid argument AT 25 Jan 24 12:28 GMT
[ERROR]: open ./testFilesParent/testfiles1//sub/..\TestFiles\a.txt2: The system cannot find the path specified. AT 25 Jan 24 12:28 GMT
[ERROR]: invalid argument AT 25 Jan 24 12:28 GMT
[ERROR]: open ./testFilesParent/testfiles1//sub/..\TestFiles\b.doc0: The system cannot find the path specified. AT 25 Jan 24 12:28 GMT
[ERROR]: invalid argument AT 25 Jan 24 12:28 GMT
[ERROR]: open ./testFilesParent/testfiles1//sub/..\TestFiles\b.doc1: The system cannot find the path specified. AT 25 Jan 24 12:28 GMT
[ERROR]: invalid argument AT 25 Jan 24 12:28 GMT
[ERROR]: open ./testFilesParent/testfiles1//sub/..\TestFiles\b.doc2: The system cannot find the path specified. AT 25 Jan 24 12:28 GMT
[ERROR]: invalid argument AT 25 Jan 24 12:28 GMT
[ERROR]: open ./testFilesParent/testfiles1//sub/..\TestFiles\b.docx0: The system cannot find the path specified. AT 25 Jan 24 12:28 GMT
[ERROR]: invalid argument AT 25 Jan 24 12:28 GMT
[ERROR]: open ./testFilesParent/testfiles1//sub/..\TestFiles\b.docx1: The system cannot find the path specified. AT 25 Jan 24 12:28 GMT
[ERROR]: invalid argument AT 25 Jan 24 12:28 GMT
[ERROR]: open ./testFilesParent/testfiles1//sub/..\TestFiles\b.docx2: The system cannot find the path specified. AT 25 Jan 24 12:28 GMT
[ERROR]: invalid argument AT 25 Jan 24 12:28 GMT
[ERROR]: open ./testFilesParent/testfiles1//sub/..\TestFiles\c.pdf0: The system cannot find the path specified. AT 25 Jan 24 12:28 GMT
[ERROR]: invalid argument AT 25 Jan 24 12:28 GMT
[ERROR]: open ./testFilesParent/testfiles1//sub/..\TestFiles\c.pdf1: The system cannot find the path specified. AT 25 Jan 24 12:28 GMT
[ERROR]: invalid argument AT 25 Jan 24 12:28 GMT
[ERROR]: open ./testFilesParent/testfiles1//sub/..\TestFiles\c.pdf2: The system cannot find the path specified. AT 25 Jan 24 12:28 GMT
[ERROR]: invalid argument AT 25 Jan 24 12:28 GMT
[ERROR]: open ./testFilesParent/testfiles1//sub/..\TestFiles\d.xls0: The system cannot find the path specified. AT 25 Jan 24 12:28 GMT
[ERROR]: invalid argument AT 25 Jan 24 12:28 GMT
[ERROR]: open ./testFilesParent/testfiles1//sub/..\TestFiles\d.xls1: The system cannot find the path specified. AT 25 Jan 24 12:28 GMT
[ERROR]: invalid argument AT 25 Jan 24 12:28 GMT
[ERROR]: open ./testFilesParent/testfiles1//sub/..\TestFiles\d.xls2: The system cannot find the path specified. AT 25 Jan 24 12:28 GMT
[ERROR]: invalid argument AT 25 Jan 24 12:28 GMT
[ERROR]: open ./testFilesParent/testfiles1//sub/..\TestFiles\e.ppt0: The system cannot find the path specified. AT 25 Jan 24 12:28 GMT
[ERROR]: invalid argument AT 25 Jan 24 12:28 GMT
[ERROR]: open ./testFilesParent/testfiles1//sub/..\TestFiles\e.ppt1: The system cannot find the path specified. AT 25 Jan 24 12:28 GMT
[ERROR]: invalid argument AT 25 Jan 24 12:28 GMT
[ERROR]: open ./testFilesParent/testfiles1//sub/..\TestFiles\e.ppt2: The system cannot find the path specified. AT 25 Jan 24 12:28 GMT
[ERROR]: invalid argument AT 25 Jan 24 12:28 GMT
[ERROR]: open ./testFilesParent/testfiles1//sub/..\TestFiles\f.jpg0: The system cannot find the path specified. AT 25 Jan 24 12:28 GMT
[ERROR]: invalid argument AT 25 Jan 24 12:28 GMT
[ERROR]: open ./testFilesParent/testfiles1//sub/..\TestFiles\f.jpg1: The system cannot find the path specified. AT 25 Jan 24 12:28 GMT
[ERROR]: invalid argument AT 25 Jan 24 12:28 GMT
[ERROR]: open ./testFilesParent/testfiles1//sub/..\TestFiles\f.jpg2: The system cannot find the path specified. AT 25 Jan 24 12:28 GMT
[ERROR]: invalid argument AT 25 Jan 24 12:28 GMT
[ERROR]: open ./testFilesParent/testfiles1//sub/..\TestFiles\g.jpeg0: The system cannot find the path specified. AT 25 Jan 24 12:28 GMT
[ERROR]: invalid argument AT 25 Jan 24 12:28 GMT
[ERROR]: open ./testFilesParent/testfiles1//sub/..\TestFiles\g.jpeg1: The system cannot find the path specified. AT 25 Jan 24 12:28 GMT
[ERROR]: invalid argument AT 25 Jan 24 12:28 GMT
[ERROR]: open ./testFilesParent/testfiles1//sub/..\TestFiles\g.jpeg2: The system cannot find the path specified. AT 25 Jan 24 12:28 GMT
[ERROR]: invalid argument AT 25 Jan 24 12:28 GMT
[ERROR]: open ./testFilesParent/testfiles1//sub/..\TestFiles\h.png0: The system cannot find the path specified. AT 25 Jan 24 12:28 GMT
[ERROR]: invalid argument AT 25 Jan 24 12:28 GMT
[ERROR]: open ./testFilesParent/testfiles1//sub/..\TestFiles\h.png1: The system cannot find the path specified. AT 25 Jan 24 12:28 GMT
[ERROR]: invalid argument AT 25 Jan 24 12:28 GMT
[ERROR]: open ./testFilesParent/testfiles1//sub/..\TestFiles\h.png2: The system cannot find the path specified. AT 25 Jan 24 12:28 GMT
[ERROR]: invalid argument AT 25 Jan 24 12:28 GMT
[ERROR]: open ./testFilesParent/testfiles1//sub/..\TestFiles\i.bmp0: The system cannot find the path specified. AT 25 Jan 24 12:28 GMT
[ERROR]: invalid argument AT 25 Jan 24 12:28 GMT
[ERROR]: open ./testFilesParent/testfiles1//sub/..\TestFiles\i.bmp1: The system cannot find the path specified. AT 25 Jan 24 12:28 GMT
[ERROR]: invalid argument AT 25 Jan 24 12:28 GMT
[ERROR]: open ./testFilesParent/testfiles1//sub/..\TestFiles\i.bmp2: The system cannot find the path specified. AT 25 Jan 24 12:28 GMT
[ERROR]: invalid argument AT 25 Jan 24 12:28 GMT
[INFO]: Starting test: ArchiveFiles AT 25 Jan 24 12:28 GMT
[ERROR]: remove testFilesParent\testfiles0\0a.txt: The process cannot access the file because it is being used by another process. AT 25 Jan 24 12:28 GMT
